This is pdfTeX, Version 3.1415926-1.40.10 (TeX Live 2009/Debian) (format=pdflatex 2011.4.26)  23 MAR 2012 15:09
entering extended mode
 %&-line parsing enabled.
**report.tex
(./report.tex
LaTeX2e <2009/09/24>
Babel <v3.8l> and hyphenation patterns for english, usenglishmax, dumylang, noh
yphenation, dutch, loaded.
(/usr/share/texmf-texlive/tex/latex/base/article.cls
Document Class: article 2007/10/19 v1.4h Standard LaTeX document class
(/usr/share/texmf-texlive/tex/latex/base/size10.clo
File: size10.clo 2007/10/19 v1.4h Standard LaTeX file (size option)
)
\c@part=\count79
\c@section=\count80
\c@subsection=\count81
\c@subsubsection=\count82
\c@paragraph=\count83
\c@subparagraph=\count84
\c@figure=\count85
\c@table=\count86
\abovecaptionskip=\skip41
\belowcaptionskip=\skip42
\bibindent=\dimen102
)
(/usr/share/texmf-texlive/tex/latex/base/inputenc.sty
Package: inputenc 2008/03/30 v1.1d Input encoding file
\inpenc@prehook=\toks14
\inpenc@posthook=\toks15

(/usr/share/texmf-texlive/tex/latex/base/utf8.def
File: utf8.def 2008/04/05 v1.1m UTF-8 support for inputenc
Now handling font encoding OML ...
... no UTF-8 mapping file for font encoding OML
Now handling font encoding T1 ...
... processing UTF-8 mapping file for font encoding T1

(/usr/share/texmf-texlive/tex/latex/base/t1enc.dfu
File: t1enc.dfu 2008/04/05 v1.1m UTF-8 support for inputenc
   defining Unicode char U+00A1 (decimal 161)
   defining Unicode char U+00A3 (decimal 163)
   defining Unicode char U+00AB (decimal 171)
   defining Unicode char U+00BB (decimal 187)
   defining Unicode char U+00BF (decimal 191)
   defining Unicode char U+00C0 (decimal 192)
   defining Unicode char U+00C1 (decimal 193)
   defining Unicode char U+00C2 (decimal 194)
   defining Unicode char U+00C3 (decimal 195)
   defining Unicode char U+00C4 (decimal 196)
   defining Unicode char U+00C5 (decimal 197)
   defining Unicode char U+00C6 (decimal 198)
   defining Unicode char U+00C7 (decimal 199)
   defining Unicode char U+00C8 (decimal 200)
   defining Unicode char U+00C9 (decimal 201)
   defining Unicode char U+00CA (decimal 202)
   defining Unicode char U+00CB (decimal 203)
   defining Unicode char U+00CC (decimal 204)
   defining Unicode char U+00CD (decimal 205)
   defining Unicode char U+00CE (decimal 206)
   defining Unicode char U+00CF (decimal 207)
   defining Unicode char U+00D0 (decimal 208)
   defining Unicode char U+00D1 (decimal 209)
   defining Unicode char U+00D2 (decimal 210)
   defining Unicode char U+00D3 (decimal 211)
   defining Unicode char U+00D4 (decimal 212)
   defining Unicode char U+00D5 (decimal 213)
   defining Unicode char U+00D6 (decimal 214)
   defining Unicode char U+00D8 (decimal 216)
   defining Unicode char U+00D9 (decimal 217)
   defining Unicode char U+00DA (decimal 218)
   defining Unicode char U+00DB (decimal 219)
   defining Unicode char U+00DC (decimal 220)
   defining Unicode char U+00DD (decimal 221)
   defining Unicode char U+00DE (decimal 222)
   defining Unicode char U+00DF (decimal 223)
   defining Unicode char U+00E0 (decimal 224)
   defining Unicode char U+00E1 (decimal 225)
   defining Unicode char U+00E2 (decimal 226)
   defining Unicode char U+00E3 (decimal 227)
   defining Unicode char U+00E4 (decimal 228)
   defining Unicode char U+00E5 (decimal 229)
   defining Unicode char U+00E6 (decimal 230)
   defining Unicode char U+00E7 (decimal 231)
   defining Unicode char U+00E8 (decimal 232)
   defining Unicode char U+00E9 (decimal 233)
   defining Unicode char U+00EA (decimal 234)
   defining Unicode char U+00EB (decimal 235)
   defining Unicode char U+00EC (decimal 236)
   defining Unicode char U+00ED (decimal 237)
   defining Unicode char U+00EE (decimal 238)
   defining Unicode char U+00EF (decimal 239)
   defining Unicode char U+00F0 (decimal 240)
   defining Unicode char U+00F1 (decimal 241)
   defining Unicode char U+00F2 (decimal 242)
   defining Unicode char U+00F3 (decimal 243)
   defining Unicode char U+00F4 (decimal 244)
   defining Unicode char U+00F5 (decimal 245)
   defining Unicode char U+00F6 (decimal 246)
   defining Unicode char U+00F8 (decimal 248)
   defining Unicode char U+00F9 (decimal 249)
   defining Unicode char U+00FA (decimal 250)
   defining Unicode char U+00FB (decimal 251)
   defining Unicode char U+00FC (decimal 252)
   defining Unicode char U+00FD (decimal 253)
   defining Unicode char U+00FE (decimal 254)
   defining Unicode char U+00FF (decimal 255)
   defining Unicode char U+0102 (decimal 258)
   defining Unicode char U+0103 (decimal 259)
   defining Unicode char U+0104 (decimal 260)
   defining Unicode char U+0105 (decimal 261)
   defining Unicode char U+0106 (decimal 262)
   defining Unicode char U+0107 (decimal 263)
   defining Unicode char U+010C (decimal 268)
   defining Unicode char U+010D (decimal 269)
   defining Unicode char U+010E (decimal 270)
   defining Unicode char U+010F (decimal 271)
   defining Unicode char U+0110 (decimal 272)
   defining Unicode char U+0111 (decimal 273)
   defining Unicode char U+0118 (decimal 280)
   defining Unicode char U+0119 (decimal 281)
   defining Unicode char U+011A (decimal 282)
   defining Unicode char U+011B (decimal 283)
   defining Unicode char U+011E (decimal 286)
   defining Unicode char U+011F (decimal 287)
   defining Unicode char U+0130 (decimal 304)
   defining Unicode char U+0131 (decimal 305)
   defining Unicode char U+0132 (decimal 306)
   defining Unicode char U+0133 (decimal 307)
   defining Unicode char U+0139 (decimal 313)
   defining Unicode char U+013A (decimal 314)
   defining Unicode char U+013D (decimal 317)
   defining Unicode char U+013E (decimal 318)
   defining Unicode char U+0141 (decimal 321)
   defining Unicode char U+0142 (decimal 322)
   defining Unicode char U+0143 (decimal 323)
   defining Unicode char U+0144 (decimal 324)
   defining Unicode char U+0147 (decimal 327)
   defining Unicode char U+0148 (decimal 328)
   defining Unicode char U+014A (decimal 330)
   defining Unicode char U+014B (decimal 331)
   defining Unicode char U+0150 (decimal 336)
   defining Unicode char U+0151 (decimal 337)
   defining Unicode char U+0152 (decimal 338)
   defining Unicode char U+0153 (decimal 339)
   defining Unicode char U+0154 (decimal 340)
   defining Unicode char U+0155 (decimal 341)
   defining Unicode char U+0158 (decimal 344)
   defining Unicode char U+0159 (decimal 345)
   defining Unicode char U+015A (decimal 346)
   defining Unicode char U+015B (decimal 347)
   defining Unicode char U+015E (decimal 350)
   defining Unicode char U+015F (decimal 351)
   defining Unicode char U+0160 (decimal 352)
   defining Unicode char U+0161 (decimal 353)
   defining Unicode char U+0162 (decimal 354)
   defining Unicode char U+0163 (decimal 355)
   defining Unicode char U+0164 (decimal 356)
   defining Unicode char U+0165 (decimal 357)
   defining Unicode char U+016E (decimal 366)
   defining Unicode char U+016F (decimal 367)
   defining Unicode char U+0170 (decimal 368)
   defining Unicode char U+0171 (decimal 369)
   defining Unicode char U+0178 (decimal 376)
   defining Unicode char U+0179 (decimal 377)
   defining Unicode char U+017A (decimal 378)
   defining Unicode char U+017B (decimal 379)
   defining Unicode char U+017C (decimal 380)
   defining Unicode char U+017D (decimal 381)
   defining Unicode char U+017E (decimal 382)
   defining Unicode char U+200C (decimal 8204)
   defining Unicode char U+2013 (decimal 8211)
   defining Unicode char U+2014 (decimal 8212)
   defining Unicode char U+2018 (decimal 8216)
   defining Unicode char U+2019 (decimal 8217)
   defining Unicode char U+201A (decimal 8218)
   defining Unicode char U+201C (decimal 8220)
   defining Unicode char U+201D (decimal 8221)
   defining Unicode char U+201E (decimal 8222)
   defining Unicode char U+2030 (decimal 8240)
   defining Unicode char U+2031 (decimal 8241)
   defining Unicode char U+2039 (decimal 8249)
   defining Unicode char U+203A (decimal 8250)
   defining Unicode char U+2423 (decimal 9251)
)
Now handling font encoding OT1 ...
... processing UTF-8 mapping file for font encoding OT1

(/usr/share/texmf-texlive/tex/latex/base/ot1enc.dfu
File: ot1enc.dfu 2008/04/05 v1.1m UTF-8 support for inputenc
   defining Unicode char U+00A1 (decimal 161)
   defining Unicode char U+00A3 (decimal 163)
   defining Unicode char U+00B8 (decimal 184)
   defining Unicode char U+00BF (decimal 191)
   defining Unicode char U+00C5 (decimal 197)
   defining Unicode char U+00C6 (decimal 198)
   defining Unicode char U+00D8 (decimal 216)
   defining Unicode char U+00DF (decimal 223)
   defining Unicode char U+00E6 (decimal 230)
   defining Unicode char U+00EC (decimal 236)
   defining Unicode char U+00ED (decimal 237)
   defining Unicode char U+00EE (decimal 238)
   defining Unicode char U+00EF (decimal 239)
   defining Unicode char U+00F8 (decimal 248)
   defining Unicode char U+0131 (decimal 305)
   defining Unicode char U+0141 (decimal 321)
   defining Unicode char U+0142 (decimal 322)
   defining Unicode char U+0152 (decimal 338)
   defining Unicode char U+0153 (decimal 339)
   defining Unicode char U+2013 (decimal 8211)
   defining Unicode char U+2014 (decimal 8212)
   defining Unicode char U+2018 (decimal 8216)
   defining Unicode char U+2019 (decimal 8217)
   defining Unicode char U+201C (decimal 8220)
   defining Unicode char U+201D (decimal 8221)
)
Now handling font encoding OMS ...
... processing UTF-8 mapping file for font encoding OMS

(/usr/share/texmf-texlive/tex/latex/base/omsenc.dfu
File: omsenc.dfu 2008/04/05 v1.1m UTF-8 support for inputenc
   defining Unicode char U+00A7 (decimal 167)
   defining Unicode char U+00B6 (decimal 182)
   defining Unicode char U+00B7 (decimal 183)
   defining Unicode char U+2020 (decimal 8224)
   defining Unicode char U+2021 (decimal 8225)
   defining Unicode char U+2022 (decimal 8226)
)
Now handling font encoding OMX ...
... no UTF-8 mapping file for font encoding OMX
Now handling font encoding U ...
... no UTF-8 mapping file for font encoding U
   defining Unicode char U+00A9 (decimal 169)
   defining Unicode char U+00AA (decimal 170)
   defining Unicode char U+00AE (decimal 174)
   defining Unicode char U+00BA (decimal 186)
   defining Unicode char U+02C6 (decimal 710)
   defining Unicode char U+02DC (decimal 732)
   defining Unicode char U+200C (decimal 8204)
   defining Unicode char U+2026 (decimal 8230)
   defining Unicode char U+2122 (decimal 8482)
   defining Unicode char U+2423 (decimal 9251)
))
(/usr/share/texmf-texlive/tex/generic/babel/babel.sty
Package: babel 2008/07/06 v3.8l The Babel package

(/usr/share/texmf-texlive/tex/generic/babel/english.ldf
Language: english 2005/03/30 v3.3o English support from the babel system

(/usr/share/texmf-texlive/tex/generic/babel/babel.def
File: babel.def 2008/07/06 v3.8l Babel common definitions
\babel@savecnt=\count87
\U@D=\dimen103
)
\l@british = a dialect from \language\l@english 
\l@UKenglish = a dialect from \language\l@english 
\l@canadian = a dialect from \language\l@american 
\l@australian = a dialect from \language\l@british 
\l@newzealand = a dialect from \language\l@british 
))
(/usr/share/texmf-texlive/tex/latex/amscls/amsthm.sty
Package: amsthm 2004/08/06 v2.20
\thm@style=\toks16
\thm@bodyfont=\toks17
\thm@headfont=\toks18
\thm@notefont=\toks19
\thm@headpunct=\toks20
\thm@preskip=\skip43
\thm@postskip=\skip44
\thm@headsep=\skip45
\dth@everypar=\toks21
)
(/usr/share/texmf-texlive/tex/latex/graphics/graphicx.sty
Package: graphicx 1999/02/16 v1.0f Enhanced LaTeX Graphics (DPC,SPQR)

(/usr/share/texmf-texlive/tex/latex/graphics/keyval.sty
Package: keyval 1999/03/16 v1.13 key=value parser (DPC)
\KV@toks@=\toks22
)
(/usr/share/texmf-texlive/tex/latex/graphics/graphics.sty
Package: graphics 2009/02/05 v1.0o Standard LaTeX Graphics (DPC,SPQR)

(/usr/share/texmf-texlive/tex/latex/graphics/trig.sty
Package: trig 1999/03/16 v1.09 sin cos tan (DPC)
)
(/etc/texmf/tex/latex/config/graphics.cfg
File: graphics.cfg 2009/08/28 v1.8 graphics configuration of TeX Live
)
Package graphics Info: Driver file: pdftex.def on input line 91.

(/usr/share/texmf-texlive/tex/latex/pdftex-def/pdftex.def
File: pdftex.def 2010/03/12 v0.04p Graphics/color for pdfTeX
\Gread@gobject=\count88
))
\Gin@req@height=\dimen104
\Gin@req@width=\dimen105
)
(/usr/share/texmf-texlive/tex/latex/float/float.sty
Package: float 2001/11/08 v1.3d Float enhancements (AL)
\c@float@type=\count89
\float@exts=\toks23
\float@box=\box26
\@float@everytoks=\toks24
\@floatcapt=\box27
)
(/usr/share/texmf-texlive/tex/latex/subfig/subfig.sty
Package: subfig 2005/06/28 ver: 1.3 subfig package

(/usr/share/texmf-texlive/tex/latex/caption/caption.sty
Package: caption 2009/10/09 v3.1k Customizing captions (AR)

(/usr/share/texmf-texlive/tex/latex/caption/caption3.sty
Package: caption3 2009/10/09 v3.1k caption3 kernel (AR)
\captionmargin=\dimen106
\captionmargin@=\dimen107
\captionwidth=\dimen108
\caption@indent=\dimen109
\caption@parindent=\dimen110
\caption@hangindent=\dimen111
)
\c@ContinuedFloat=\count90
Package caption Info: float package is loaded.
)
\c@KVtest=\count91
\sf@farskip=\skip46
\sf@captopadj=\dimen112
\sf@capskip=\skip47
\sf@nearskip=\skip48
\c@subfigure=\count92
\c@subfigure@save=\count93
\c@lofdepth=\count94
\c@subtable=\count95
\c@subtable@save=\count96
\c@lotdepth=\count97
\sf@top=\skip49
\sf@bottom=\skip50
)
(/usr/share/texmf-texlive/tex/latex/multirow/multirow.sty
\bigstrutjot=\dimen113
) (./report.aux)
\openout1 = `report.aux'.

LaTeX Font Info:    Checking defaults for OML/cmm/m/it on input line 19.
LaTeX Font Info:    ... okay on input line 19.
LaTeX Font Info:    Checking defaults for T1/cmr/m/n on input line 19.
LaTeX Font Info:    ... okay on input line 19.
LaTeX Font Info:    Checking defaults for OT1/cmr/m/n on input line 19.
LaTeX Font Info:    ... okay on input line 19.
LaTeX Font Info:    Checking defaults for OMS/cmsy/m/n on input line 19.
LaTeX Font Info:    ... okay on input line 19.
LaTeX Font Info:    Checking defaults for OMX/cmex/m/n on input line 19.
LaTeX Font Info:    ... okay on input line 19.
LaTeX Font Info:    Checking defaults for U/cmr/m/n on input line 19.
LaTeX Font Info:    ... okay on input line 19.

(/usr/share/texmf-texlive/tex/context/base/supp-pdf.mkii
[Loading MPS to PDF converter (version 2006.09.02).]
\scratchcounter=\count98
\scratchdimen=\dimen114
\scratchbox=\box28
\nofMPsegments=\count99
\nofMParguments=\count100
\everyMPshowfont=\toks25
\MPscratchCnt=\count101
\MPscratchDim=\dimen115
\MPnumerator=\count102
\everyMPtoPDFconversion=\toks26
)
Package caption Info: Begin \AtBeginDocument code.
Package caption3 Info: subfig package 1.2 or 1.3 is loaded.
LaTeX Info: Redefining \subref on input line 19.
Package caption Info: End \AtBeginDocument code.
LaTeX Font Info:    External font `cmex10' loaded for size
(Font)              <12> on input line 21.
LaTeX Font Info:    External font `cmex10' loaded for size
(Font)              <8> on input line 21.
LaTeX Font Info:    External font `cmex10' loaded for size
(Font)              <6> on input line 21.
 <barabas.jpg, id=1, 154.5775pt x 200.75pt>
File: barabas.jpg Graphic file (type jpg)
 <use barabas.jpg> [1

{/var/lib/texmf/fonts/map/pdftex/updmap/pdftex.map} <./barabas.jpg>] (./report.
toc
LaTeX Font Info:    External font `cmex10' loaded for size
(Font)              <7> on input line 5.
LaTeX Font Info:    External font `cmex10' loaded for size
(Font)              <5> on input line 5.
)
\tf@toc=\write3
\openout3 = `report.toc'.

 [2]
Underfull \hbox (badness 10000) in paragraph at lines 37--38

 []


Underfull \hbox (badness 10000) in paragraph at lines 39--46

 []


Underfull \hbox (badness 10000) in paragraph at lines 47--54

 []

[3]
Underfull \hbox (badness 10000) in paragraph at lines 67--69

 []


Underfull \hbox (badness 10000) in paragraph at lines 80--88

 []


Underfull \hbox (badness 10000) in paragraph at lines 89--94

 []


Underfull \hbox (badness 10000) in paragraph at lines 95--101

 []

[4]
Underfull \hbox (badness 10000) in paragraph at lines 104--106

 []


Underfull \hbox (badness 10000) in paragraph at lines 107--109

 []


Underfull \hbox (badness 10000) in paragraph at lines 116--117

 []

LaTeX Font Info:    Try loading font information for OMS+cmr on input line 119.

(/usr/share/texmf-texlive/tex/latex/base/omscmr.fd
File: omscmr.fd 1999/05/25 v2.5h Standard LaTeX font definitions
)
LaTeX Font Info:    Font shape `OMS/cmr/m/n' in size <10> not available
(Font)              Font shape `OMS/cmsy/m/n' tried instead on input line 119.
 [5]

pdfTeX warning: pdflatex (file ../graphs/random10.pdf): PDF inclusion: found PD
F version <1.5>, but at most version <1.4> allowed
<../graphs/random10.pdf, id=27, 253.94875pt x 281.05pt>
File: ../graphs/random10.pdf Graphic file (type pdf)

<use ../graphs/random10.pdf>

pdfTeX warning: pdflatex (file ../graphs/random100.pdf): PDF inclusion: found P
DF version <1.5>, but at most version <1.4> allowed
<../graphs/random100.pdf, id=29, 498.86375pt x 501.875pt>
File: ../graphs/random100.pdf Graphic file (type pdf)

<use ../graphs/random100.pdf>

pdfTeX warning: pdflatex (file ../graphs/random1000.pdf): PDF inclusion: found 
PDF version <1.5>, but at most version <1.4> allowed
<../graphs/random1000.pdf, id=31, 498.86375pt x 500.87125pt>
File: ../graphs/random1000.pdf Graphic file (type pdf)

<use ../graphs/random1000.pdf>

pdfTeX warning: pdflatex (file ../graphs/random10000.pdf): PDF inclusion: found
 PDF version <1.5>, but at most version <1.4> allowed
<../graphs/random10000.pdf, id=33, 498.86375pt x 917.4275pt>
File: ../graphs/random10000.pdf Graphic file (type pdf)

<use ../graphs/random10000.pdf>
Underfull \hbox (badness 10000) in paragraph at lines 127--153

 []

[6 <../graphs/random10.pdf> <../graphs/random100.pdf> <../graphs/random1000.pdf
> <../graphs/random10000.pdf>]
<../hist/random10.pdf, id=43, 289.08pt x 216.81pt>
File: ../hist/random10.pdf Graphic file (type pdf)
 <use ../hist/random10.pdf>
<../hist/random100.pdf, id=44, 289.08pt x 216.81pt>
File: ../hist/random100.pdf Graphic file (type pdf)

<use ../hist/random100.pdf>
<../hist/random1000.pdf, id=45, 289.08pt x 216.81pt>
File: ../hist/random1000.pdf Graphic file (type pdf)

<use ../hist/random1000.pdf>
<../hist/random10000.pdf, id=46, 289.08pt x 216.81pt>
File: ../hist/random10000.pdf Graphic file (type pdf)

<use ../hist/random10000.pdf>
Underfull \hbox (badness 10000) in paragraph at lines 157--182

 []

[7 <../hist/random10.pdf> <../hist/random100.pdf> <../hist/random1000.pdf> <../
hist/random10000.pdf>]
Underfull \hbox (badness 10000) in paragraph at lines 186--188

 []


Underfull \hbox (badness 10000) in paragraph at lines 189--194

 []


Underfull \hbox (badness 10000) in paragraph at lines 195--198

 []


Underfull \hbox (badness 10000) in paragraph at lines 199--200

 []


Underfull \hbox (badness 10000) in paragraph at lines 201--208

 []

[8]

pdfTeX warning: pdflatex (file ../graphs/scale-free10.pdf): PDF inclusion: foun
d PDF version <1.5>, but at most version <1.4> allowed
<../graphs/scale-free10.pdf, id=170, 290.08376pt x 441.65pt>
File: ../graphs/scale-free10.pdf Graphic file (type pdf)

<use ../graphs/scale-free10.pdf>

pdfTeX warning: pdflatex (file ../graphs/scale-free100.pdf): PDF inclusion: fou
nd PDF version <1.5>, but at most version <1.4> allowed
<../graphs/scale-free100.pdf, id=172, 498.86375pt x 496.85625pt>
File: ../graphs/scale-free100.pdf Graphic file (type pdf)

<use ../graphs/scale-free100.pdf>

pdfTeX warning: pdflatex (file ../graphs/scale-free1000.pdf): PDF inclusion: fo
und PDF version <1.5>, but at most version <1.4> allowed
<../graphs/scale-free1000.pdf, id=174, 490.83376pt x 498.86375pt>
File: ../graphs/scale-free1000.pdf Graphic file (type pdf)

<use ../graphs/scale-free1000.pdf>

pdfTeX warning: pdflatex (file ../graphs/scale-free10000.pdf): PDF inclusion: f
ound PDF version <1.5>, but at most version <1.4> allowed
<../graphs/scale-free10000.pdf, id=176, 498.86375pt x 498.86375pt>
File: ../graphs/scale-free10000.pdf Graphic file (type pdf)

<use ../graphs/scale-free10000.pdf>
Underfull \hbox (badness 10000) in paragraph at lines 211--237

 []

[9 <../graphs/scale-free10.pdf> <../graphs/scale-free100.pdf> <../graphs/scale-
free1000.pdf> <../graphs/scale-free10000.pdf>]
<../hist/scale-free10.pdf, id=185, 289.08pt x 216.81pt>
File: ../hist/scale-free10.pdf Graphic file (type pdf)

<use ../hist/scale-free10.pdf>
<../hist/scale-free100.pdf, id=186, 289.08pt x 216.81pt>
File: ../hist/scale-free100.pdf Graphic file (type pdf)

<use ../hist/scale-free100.pdf>
<../hist/scale-free1000.pdf, id=187, 289.08pt x 216.81pt>
File: ../hist/scale-free1000.pdf Graphic file (type pdf)

<use ../hist/scale-free1000.pdf>
<../hist/scale-free10000.pdf, id=188, 289.08pt x 216.81pt>
File: ../hist/scale-free10000.pdf Graphic file (type pdf)

<use ../hist/scale-free10000.pdf>
Underfull \hbox (badness 10000) in paragraph at lines 241--267

 []

[10 <../hist/scale-free10.pdf> <../hist/scale-free100.pdf> <../hist/scale-free1
000.pdf> <../hist/scale-free10000.pdf>]
Underfull \hbox (badness 10000) in paragraph at lines 271--276

 []

[11]
Underfull \hbox (badness 10000) in paragraph at lines 287--289

 []


Overfull \hbox (3.36172pt too wide) in paragraph at lines 290--292
\OT1/cmr/m/n/10 Here we give out anal-y-sis from com-par-ing Watts-Strogatz net
-works with Barabasi
 []


Underfull \hbox (badness 10000) in paragraph at lines 290--292

 []


Overfull \hbox (33.8629pt too wide) in paragraph at lines 363--364
[][] 
 []


Underfull \hbox (badness 10000) in paragraph at lines 366--368

 []



pdfTeX warning: pdflatex (file ../graphs/watts-30-4-005.pdf): PDF inclusion: fo
und PDF version <1.5>, but at most version <1.4> allowed
<../graphs/watts-30-4-005.pdf, id=311, 342.27875pt x 346.29375pt>
File: ../graphs/watts-30-4-005.pdf Graphic file (type pdf)

<use ../graphs/watts-30-4-005.pdf>

pdfTeX warning: pdflatex (file ../graphs/watts-30-4-02.pdf): PDF inclusion: fou
nd PDF version <1.5>, but at most version <1.4> allowed
<../graphs/watts-30-4-02.pdf, id=313, 282.05376pt x 321.2pt>
File: ../graphs/watts-30-4-02.pdf Graphic file (type pdf)

<use ../graphs/watts-30-4-02.pdf> [12] [13 <../graphs/watts-30-4-005.pdf> <../g
raphs/watts-30-4-02.pdf>]

pdfTeX warning: pdflatex (file ../graphs/0SIR.pdf): PDF inclusion: found PDF ve
rsion <1.5>, but at most version <1.4> allowed
<../graphs/0SIR.pdf, id=324, 498.86375pt x 498.86375pt>
File: ../graphs/0SIR.pdf Graphic file (type pdf)

<use ../graphs/0SIR.pdf>

pdfTeX warning: pdflatex (file ../graphs/1SIR.pdf): PDF inclusion: found PDF ve
rsion <1.5>, but at most version <1.4> allowed
<../graphs/1SIR.pdf, id=326, 498.86375pt x 498.86375pt>
File: ../graphs/1SIR.pdf Graphic file (type pdf)

<use ../graphs/1SIR.pdf>

pdfTeX warning: pdflatex (file ../graphs/2SIR.pdf): PDF inclusion: found PDF ve
rsion <1.5>, but at most version <1.4> allowed
<../graphs/2SIR.pdf, id=328, 498.86375pt x 498.86375pt>
File: ../graphs/2SIR.pdf Graphic file (type pdf)

<use ../graphs/2SIR.pdf>

pdfTeX warning: pdflatex (file ../graphs/3SIR.pdf): PDF inclusion: found PDF ve
rsion <1.5>, but at most version <1.4> allowed
<../graphs/3SIR.pdf, id=330, 498.86375pt x 498.86375pt>
File: ../graphs/3SIR.pdf Graphic file (type pdf)

<use ../graphs/3SIR.pdf> [14 <../graphs/0SIR.pdf> <../graphs/1SIR.pdf> <../grap
hs/2SIR.pdf> <../graphs/3SIR.pdf>]

pdfTeX warning: pdflatex (file ../graphs/4SIR.pdf): PDF inclusion: found PDF ve
rsion <1.5>, but at most version <1.4> allowed
<../graphs/4SIR.pdf, id=339, 498.86375pt x 498.86375pt>
File: ../graphs/4SIR.pdf Graphic file (type pdf)

<use ../graphs/4SIR.pdf>

pdfTeX warning: pdflatex (file ../graphs/5SIR.pdf): PDF inclusion: found PDF ve
rsion <1.5>, but at most version <1.4> allowed
<../graphs/5SIR.pdf, id=341, 498.86375pt x 498.86375pt>
File: ../graphs/5SIR.pdf Graphic file (type pdf)

<use ../graphs/5SIR.pdf>

pdfTeX warning: pdflatex (file ../graphs/6SIR.pdf): PDF inclusion: found PDF ve
rsion <1.5>, but at most version <1.4> allowed
<../graphs/6SIR.pdf, id=343, 498.86375pt x 498.86375pt>
File: ../graphs/6SIR.pdf Graphic file (type pdf)

<use ../graphs/6SIR.pdf>

pdfTeX warning: pdflatex (file ../graphs/7SIR.pdf): PDF inclusion: found PDF ve
rsion <1.5>, but at most version <1.4> allowed
<../graphs/7SIR.pdf, id=345, 498.86375pt x 498.86375pt>
File: ../graphs/7SIR.pdf Graphic file (type pdf)

<use ../graphs/7SIR.pdf> [15 <../graphs/4SIR.pdf> <../graphs/5SIR.pdf> <../grap
hs/6SIR.pdf> <../graphs/7SIR.pdf>]
Underfull \hbox (badness 10000) in paragraph at lines 447--458

 []

[16] (./report.aux) ) 
Here is how much of TeX's memory you used:
 2873 strings out of 495006
 42531 string characters out of 1181410
 140508 words of memory out of 3000000
 6025 multiletter control sequences out of 15000+50000
 8409 words of font info for 30 fonts, out of 3000000 for 9000
 68 hyphenation exceptions out of 8191
 44i,10n,45p,614b,346s stack positions out of 5000i,500n,10000p,200000b,50000s
</usr/share/texmf-texlive/fonts/type1/public/amsfonts/cm/c
mbx10.pfb></usr/share/texmf-texlive/fonts/type1/public/amsfonts/cm/cmbx12.pfb><
/usr/share/texmf-texlive/fonts/type1/public/amsfonts/cm/cmmi10.pfb></usr/share/
texmf-texlive/fonts/type1/public/amsfonts/cm/cmr10.pfb></usr/share/texmf-texliv
e/fonts/type1/public/amsfonts/cm/cmr12.pfb></usr/share/texmf-texlive/fonts/type
1/public/amsfonts/cm/cmr17.pfb></usr/share/texmf-texlive/fonts/type1/public/ams
fonts/cm/cmr8.pfb></usr/share/texmf-texlive/fonts/type1/public/amsfonts/cm/cmsy
10.pfb></usr/share/texmf-texlive/fonts/type1/public/amsfonts/cm/cmti10.pfb></us
r/share/texmf-texlive/fonts/type1/public/amsfonts/cm/cmtt10.pfb>
Output written on report.pdf (16 pages, 2577753 bytes).
PDF statistics:
 389 PDF objects out of 1000 (max. 8388607)
 0 named destinations out of 1000 (max. 500000)
 136 words of extra memory for PDF output out of 10000 (max. 10000000)

